<?xml version="1.0" encoding="UTF-8"?>
<!-- Generated by org.testng.reporters.JUnitReportReporter -->
<testsuite hostname="DESKTOP-R28S62L" failures="0" tests="1" name="testRunner.Runner" time="5.861" errors="0" timestamp="30 Nov 2024 15:12:18 GMT" skipped="1">
  <testcase classname="testRunner.Runner" name="runScenario" time="5.861">
    <skipped/>
  </testcase> <!-- runScenario -->
</testsuite> <!-- testRunner.Runner -->
